TN:
SF:src/database.ts
FNF:0
FNH:0
DA:3,1
DA:4,1
LF:2
LH:2
BRF:0
BRH:0
end_of_record
TN:
SF:src/repositories/recommendationRepository.ts
FN:5,create
FN:16,findAll
FN:25,getAmountByScore
FN:32,getFindAllFilter
FN:44,find
FN:50,updateScore
FN:59,remove
FNF:7
FNH:7
FNDA:1,create
FNDA:1,findAll
FNDA:1,getAmountByScore
FNDA:1,getFindAllFilter
FNDA:6,find
FNDA:3,updateScore
FNDA:1,remove
DA:6,1
DA:17,1
DA:19,1
DA:26,1
DA:35,1
DA:37,0
DA:39,0
DA:45,6
DA:51,3
DA:60,1
DA:65,1
LF:11
LH:9
BRDA:35,0,0,1
BRF:1
BRH:1
end_of_record
TN:
SF:src/services/recommendationsService.ts
FN:7,insert
FN:11,upvote
FN:18,downvote
FN:29,getById
FN:33,get
FN:37,getTop
FN:41,getRandom
FN:54,getByScore
FN:67,getScoreFilter
FNF:9
FNH:9
FNDA:1,insert
FNDA:2,upvote
FNDA:3,downvote
FNDA:1,getById
FNDA:1,get
FNDA:1,getTop
FNDA:2,getRandom
FNDA:4,getByScore
FNDA:4,getScoreFilter
DA:8,1
DA:12,2
DA:13,2
DA:15,1
DA:19,3
DA:20,3
DA:22,2
DA:24,2
DA:25,1
DA:30,1
DA:34,1
DA:38,1
DA:42,2
DA:43,2
DA:45,2
DA:46,2
DA:47,1
DA:50,1
DA:51,1
DA:55,4
DA:60,4
DA:61,2
DA:64,2
DA:68,4
DA:69,2
DA:72,2
DA:75,1
LF:27
LH:27
BRDA:13,0,0,1
BRDA:20,1,0,1
BRDA:24,2,0,1
BRDA:46,3,0,1
BRDA:60,4,0,2
BRDA:68,5,0,2
BRF:6
BRH:6
end_of_record
TN:
SF:src/utils/errorUtils.ts
FN:7,isAppError
FN:11,errorTypeToStatusCode
FN:19,conflictError
FN:23,notFoundError
FN:27,unauthorizedError
FN:31,wrongSchemaError
FNF:6
FNH:1
FNDA:0,isAppError
FNDA:0,errorTypeToStatusCode
FNDA:0,conflictError
FNDA:3,notFoundError
FNDA:0,unauthorizedError
FNDA:0,wrongSchemaError
DA:8,0
DA:12,0
DA:13,0
DA:14,0
DA:15,0
DA:16,0
DA:20,0
DA:24,3
DA:28,0
DA:32,0
DA:35,1
LF:11
LH:2
BRDA:12,0,0,0
BRDA:13,1,0,0
BRDA:14,2,0,0
BRDA:15,3,0,0
BRDA:20,4,0,0
BRDA:20,4,1,0
BRDA:20,5,0,0
BRDA:20,5,1,0
BRDA:24,6,0,0
BRDA:24,6,1,3
BRDA:24,7,0,3
BRDA:24,7,1,3
BRDA:28,8,0,0
BRDA:28,8,1,0
BRDA:28,9,0,0
BRDA:28,9,1,0
BRDA:32,10,0,0
BRDA:32,10,1,0
BRDA:32,11,0,0
BRDA:32,11,1,0
BRF:20
BRH:3
end_of_record
TN:
SF:tests/factories/recommendationsFactory.ts
FN:4,create
FN:14,lowScore
FNF:2
FNH:2
FNDA:6,create
FNDA:1,lowScore
DA:5,6
DA:10,6
DA:11,6
DA:15,1
DA:17,1
DA:21,1
DA:24,1
LF:7
LH:7
BRF:0
BRH:0
end_of_record
